2022-04-04 16:57:32.494 [main] INFO  ru.nsu.cherepanov.task.App - Hello world!
2022-04-04 16:57:32.713 [main] INFO  ru.nsu.cherepanov.task.db.Database - Db already exists
2022-04-04 16:57:32.715 [main] INFO  ru.nsu.cherepanov.task.db.Database - Drop db
2022-04-04 16:57:32.846 [main] INFO  ru.nsu.cherepanov.task.db.Database - Create db
2022-04-04 16:57:33.203 [main] INFO  ru.nsu.cherepanov.task.db.Database - Create tables
2022-04-04 16:57:33.241 [main] INFO  ru.nsu.cherepanov.task.db.Database - Create tables begin ru.nsu.cherepanov.osm
2022-04-04 16:57:33.264 [main] INFO  ru.nsu.cherepanov.task.db.Database - Node table created
2022-04-04 16:57:33.272 [main] INFO  ru.nsu.cherepanov.task.db.Database - Tag table created
2022-04-04 16:57:53.656 [main] INFO  ru.nsu.cherepanov.task.OpenStreetMapXMLProcessor - 100000 nodes processed
2022-04-04 16:58:12.553 [main] INFO  ru.nsu.cherepanov.task.OpenStreetMapXMLProcessor - 200000 nodes processed
2022-04-04 16:58:31.213 [main] INFO  ru.nsu.cherepanov.task.OpenStreetMapXMLProcessor - 300000 nodes processed
2022-04-04 16:58:50.373 [main] INFO  ru.nsu.cherepanov.task.OpenStreetMapXMLProcessor - 400000 nodes processed
2022-04-04 16:59:09.933 [main] INFO  ru.nsu.cherepanov.task.OpenStreetMapXMLProcessor - 500000 nodes processed
2022-04-04 16:59:29.053 [main] INFO  ru.nsu.cherepanov.task.OpenStreetMapXMLProcessor - 600000 nodes processed
2022-04-04 16:59:48.778 [main] INFO  ru.nsu.cherepanov.task.OpenStreetMapXMLProcessor - 700000 nodes processed
2022-04-04 17:00:09.419 [main] INFO  ru.nsu.cherepanov.task.OpenStreetMapXMLProcessor - 800000 nodes processed
2022-04-04 17:00:28.335 [main] INFO  ru.nsu.cherepanov.task.OpenStreetMapXMLProcessor - 900000 nodes processed
2022-04-04 17:00:47.173 [main] INFO  ru.nsu.cherepanov.task.OpenStreetMapXMLProcessor - 1000000 nodes processed
2022-04-04 17:01:05.566 [main] INFO  ru.nsu.cherepanov.task.OpenStreetMapXMLProcessor - 1100000 nodes processed
2022-04-04 17:01:24.030 [main] INFO  ru.nsu.cherepanov.task.OpenStreetMapXMLProcessor - 1200000 nodes processed
2022-04-04 17:01:42.826 [main] INFO  ru.nsu.cherepanov.task.OpenStreetMapXMLProcessor - 1300000 nodes processed
2022-04-04 17:02:01.217 [main] INFO  ru.nsu.cherepanov.task.OpenStreetMapXMLProcessor - 1400000 nodes processed
2022-04-04 17:02:19.288 [main] INFO  ru.nsu.cherepanov.task.OpenStreetMapXMLProcessor - 1500000 nodes processed
2022-04-04 17:02:37.375 [main] INFO  ru.nsu.cherepanov.task.OpenStreetMapXMLProcessor - 1600000 nodes processed
2022-04-04 17:02:55.724 [main] INFO  ru.nsu.cherepanov.task.OpenStreetMapXMLProcessor - 1700000 nodes processed
2022-04-04 17:03:13.992 [main] INFO  ru.nsu.cherepanov.task.OpenStreetMapXMLProcessor - 1800000 nodes processed
2022-04-04 17:03:32.054 [main] INFO  ru.nsu.cherepanov.task.OpenStreetMapXMLProcessor - 1900000 nodes processed
2022-04-04 17:03:50.206 [main] INFO  ru.nsu.cherepanov.task.OpenStreetMapXMLProcessor - 2000000 nodes processed
2022-04-04 17:04:08.306 [main] INFO  ru.nsu.cherepanov.task.OpenStreetMapXMLProcessor - 2100000 nodes processed
2022-04-04 17:04:26.382 [main] INFO  ru.nsu.cherepanov.task.OpenStreetMapXMLProcessor - 2200000 nodes processed
2022-04-04 17:04:44.556 [main] INFO  ru.nsu.cherepanov.task.OpenStreetMapXMLProcessor - 2300000 nodes processed
2022-04-04 17:05:03.248 [main] INFO  ru.nsu.cherepanov.task.OpenStreetMapXMLProcessor - 2400000 nodes processed
2022-04-04 17:05:21.684 [main] INFO  ru.nsu.cherepanov.task.OpenStreetMapXMLProcessor - 2500000 nodes processed
2022-04-04 17:05:40.248 [main] INFO  ru.nsu.cherepanov.task.OpenStreetMapXMLProcessor - 2600000 nodes processed
2022-04-04 17:05:58.657 [main] INFO  ru.nsu.cherepanov.task.OpenStreetMapXMLProcessor - 2700000 nodes processed
2022-04-04 17:06:16.876 [main] INFO  ru.nsu.cherepanov.task.OpenStreetMapXMLProcessor - 2800000 nodes processed
2022-04-04 17:06:35.127 [main] INFO  ru.nsu.cherepanov.task.OpenStreetMapXMLProcessor - 2900000 nodes processed
2022-04-04 17:06:53.486 [main] INFO  ru.nsu.cherepanov.task.OpenStreetMapXMLProcessor - 3000000 nodes processed
2022-04-04 17:07:11.943 [main] INFO  ru.nsu.cherepanov.task.OpenStreetMapXMLProcessor - 3100000 nodes processed
2022-04-04 17:07:30.511 [main] INFO  ru.nsu.cherepanov.task.OpenStreetMapXMLProcessor - 3200000 nodes processed
2022-04-04 17:07:49.067 [main] INFO  ru.nsu.cherepanov.task.OpenStreetMapXMLProcessor - 3300000 nodes processed
2022-04-04 17:08:07.454 [main] INFO  ru.nsu.cherepanov.task.OpenStreetMapXMLProcessor - 3400000 nodes processed
2022-04-04 17:08:25.679 [main] INFO  ru.nsu.cherepanov.task.OpenStreetMapXMLProcessor - 3500000 nodes processed
2022-04-04 17:08:44.126 [main] INFO  ru.nsu.cherepanov.task.OpenStreetMapXMLProcessor - 3600000 nodes processed
2022-04-04 17:09:02.635 [main] INFO  ru.nsu.cherepanov.task.OpenStreetMapXMLProcessor - 3700000 nodes processed
2022-04-04 17:09:20.919 [main] INFO  ru.nsu.cherepanov.task.OpenStreetMapXMLProcessor - 3800000 nodes processed
2022-04-04 17:09:39.074 [main] INFO  ru.nsu.cherepanov.task.OpenStreetMapXMLProcessor - 3900000 nodes processed
2022-04-04 17:09:57.328 [main] INFO  ru.nsu.cherepanov.task.OpenStreetMapXMLProcessor - 4000000 nodes processed
2022-04-04 17:10:15.723 [main] INFO  ru.nsu.cherepanov.task.OpenStreetMapXMLProcessor - 4100000 nodes processed
2022-04-04 17:10:34.022 [main] INFO  ru.nsu.cherepanov.task.OpenStreetMapXMLProcessor - 4200000 nodes processed
2022-04-04 17:10:52.266 [main] INFO  ru.nsu.cherepanov.task.OpenStreetMapXMLProcessor - 4300000 nodes processed
2022-04-04 17:11:10.516 [main] INFO  ru.nsu.cherepanov.task.OpenStreetMapXMLProcessor - 4400000 nodes processed
2022-04-04 17:11:28.695 [main] INFO  ru.nsu.cherepanov.task.OpenStreetMapXMLProcessor - 4500000 nodes processed
2022-04-04 17:11:47.124 [main] INFO  ru.nsu.cherepanov.task.OpenStreetMapXMLProcessor - 4600000 nodes processed
2022-04-04 17:12:05.442 [main] INFO  ru.nsu.cherepanov.task.OpenStreetMapXMLProcessor - 4700000 nodes processed
2022-04-04 17:12:23.644 [main] INFO  ru.nsu.cherepanov.task.OpenStreetMapXMLProcessor - 4800000 nodes processed
2022-04-04 17:12:41.957 [main] INFO  ru.nsu.cherepanov.task.OpenStreetMapXMLProcessor - 4900000 nodes processed
2022-04-04 17:13:52.622 [main] INFO  ru.nsu.cherepanov.task.App - Hello world!
2022-04-04 17:13:52.837 [main] INFO  ru.nsu.cherepanov.task.db.Database - Db already exists
2022-04-04 17:13:52.840 [main] INFO  ru.nsu.cherepanov.task.db.Database - Drop db
2022-04-04 17:13:53.025 [main] INFO  ru.nsu.cherepanov.task.db.Database - Create db
2022-04-04 17:13:53.392 [main] INFO  ru.nsu.cherepanov.task.db.Database - Create tables
2022-04-04 17:13:53.430 [main] INFO  ru.nsu.cherepanov.task.db.Database - Create tables begin ru.nsu.cherepanov.osm
2022-04-04 17:13:53.455 [main] INFO  ru.nsu.cherepanov.task.db.Database - Node table created
2022-04-04 17:13:53.464 [main] INFO  ru.nsu.cherepanov.task.db.Database - Tag table created
2022-04-04 17:14:08.886 [main] INFO  ru.nsu.cherepanov.task.OpenStreetMapXMLProcessor - 100000 nodes processed
2022-04-04 17:14:22.728 [main] INFO  ru.nsu.cherepanov.task.OpenStreetMapXMLProcessor - 200000 nodes processed
2022-04-04 17:14:36.379 [main] INFO  ru.nsu.cherepanov.task.OpenStreetMapXMLProcessor - 300000 nodes processed
2022-04-04 17:14:50.354 [main] INFO  ru.nsu.cherepanov.task.OpenStreetMapXMLProcessor - 400000 nodes processed
2022-04-04 17:15:04.702 [main] INFO  ru.nsu.cherepanov.task.OpenStreetMapXMLProcessor - 500000 nodes processed
2022-04-04 17:15:18.739 [main] INFO  ru.nsu.cherepanov.task.OpenStreetMapXMLProcessor - 600000 nodes processed
2022-04-04 17:15:33.240 [main] INFO  ru.nsu.cherepanov.task.OpenStreetMapXMLProcessor - 700000 nodes processed
2022-04-04 17:15:48.537 [main] INFO  ru.nsu.cherepanov.task.OpenStreetMapXMLProcessor - 800000 nodes processed
2022-04-04 17:16:02.538 [main] INFO  ru.nsu.cherepanov.task.OpenStreetMapXMLProcessor - 900000 nodes processed
2022-04-04 17:16:16.378 [main] INFO  ru.nsu.cherepanov.task.OpenStreetMapXMLProcessor - 1000000 nodes processed
2022-04-04 17:16:30.055 [main] INFO  ru.nsu.cherepanov.task.OpenStreetMapXMLProcessor - 1100000 nodes processed
2022-04-04 17:16:43.883 [main] INFO  ru.nsu.cherepanov.task.OpenStreetMapXMLProcessor - 1200000 nodes processed
2022-04-04 17:16:57.996 [main] INFO  ru.nsu.cherepanov.task.OpenStreetMapXMLProcessor - 1300000 nodes processed
2022-04-04 17:17:11.670 [main] INFO  ru.nsu.cherepanov.task.OpenStreetMapXMLProcessor - 1400000 nodes processed
2022-04-04 17:17:25.165 [main] INFO  ru.nsu.cherepanov.task.OpenStreetMapXMLProcessor - 1500000 nodes processed
2022-04-04 17:17:38.616 [main] INFO  ru.nsu.cherepanov.task.OpenStreetMapXMLProcessor - 1600000 nodes processed
2022-04-04 17:17:52.174 [main] INFO  ru.nsu.cherepanov.task.OpenStreetMapXMLProcessor - 1700000 nodes processed
2022-04-04 17:18:05.847 [main] INFO  ru.nsu.cherepanov.task.OpenStreetMapXMLProcessor - 1800000 nodes processed
2022-04-04 17:18:19.291 [main] INFO  ru.nsu.cherepanov.task.OpenStreetMapXMLProcessor - 1900000 nodes processed
2022-04-04 17:18:32.697 [main] INFO  ru.nsu.cherepanov.task.OpenStreetMapXMLProcessor - 2000000 nodes processed
2022-04-04 17:18:46.100 [main] INFO  ru.nsu.cherepanov.task.OpenStreetMapXMLProcessor - 2100000 nodes processed
2022-04-04 17:18:59.490 [main] INFO  ru.nsu.cherepanov.task.OpenStreetMapXMLProcessor - 2200000 nodes processed
2022-04-04 17:19:12.930 [main] INFO  ru.nsu.cherepanov.task.OpenStreetMapXMLProcessor - 2300000 nodes processed
2022-04-04 17:19:26.830 [main] INFO  ru.nsu.cherepanov.task.OpenStreetMapXMLProcessor - 2400000 nodes processed
2022-04-04 17:19:40.522 [main] INFO  ru.nsu.cherepanov.task.OpenStreetMapXMLProcessor - 2500000 nodes processed
2022-04-04 17:19:54.359 [main] INFO  ru.nsu.cherepanov.task.OpenStreetMapXMLProcessor - 2600000 nodes processed
2022-04-04 17:20:07.940 [main] INFO  ru.nsu.cherepanov.task.OpenStreetMapXMLProcessor - 2700000 nodes processed
2022-04-04 17:20:21.525 [main] INFO  ru.nsu.cherepanov.task.OpenStreetMapXMLProcessor - 2800000 nodes processed
2022-04-04 17:20:34.966 [main] INFO  ru.nsu.cherepanov.task.OpenStreetMapXMLProcessor - 2900000 nodes processed
2022-04-04 17:20:48.417 [main] INFO  ru.nsu.cherepanov.task.OpenStreetMapXMLProcessor - 3000000 nodes processed
2022-04-04 17:21:02.027 [main] INFO  ru.nsu.cherepanov.task.OpenStreetMapXMLProcessor - 3100000 nodes processed
2022-04-04 17:21:15.757 [main] INFO  ru.nsu.cherepanov.task.OpenStreetMapXMLProcessor - 3200000 nodes processed
2022-04-04 17:21:29.568 [main] INFO  ru.nsu.cherepanov.task.OpenStreetMapXMLProcessor - 3300000 nodes processed
2022-04-04 17:21:43.091 [main] INFO  ru.nsu.cherepanov.task.OpenStreetMapXMLProcessor - 3400000 nodes processed
2022-04-04 17:21:56.537 [main] INFO  ru.nsu.cherepanov.task.OpenStreetMapXMLProcessor - 3500000 nodes processed
2022-04-04 17:22:10.181 [main] INFO  ru.nsu.cherepanov.task.OpenStreetMapXMLProcessor - 3600000 nodes processed
2022-04-04 17:22:23.939 [main] INFO  ru.nsu.cherepanov.task.OpenStreetMapXMLProcessor - 3700000 nodes processed
2022-04-04 17:22:37.570 [main] INFO  ru.nsu.cherepanov.task.OpenStreetMapXMLProcessor - 3800000 nodes processed
2022-04-04 17:22:51.244 [main] INFO  ru.nsu.cherepanov.task.OpenStreetMapXMLProcessor - 3900000 nodes processed
2022-04-04 17:23:05.017 [main] INFO  ru.nsu.cherepanov.task.OpenStreetMapXMLProcessor - 4000000 nodes processed
2022-04-04 17:23:18.802 [main] INFO  ru.nsu.cherepanov.task.OpenStreetMapXMLProcessor - 4100000 nodes processed
2022-04-04 17:23:32.445 [main] INFO  ru.nsu.cherepanov.task.OpenStreetMapXMLProcessor - 4200000 nodes processed
2022-04-04 17:23:46.018 [main] INFO  ru.nsu.cherepanov.task.OpenStreetMapXMLProcessor - 4300000 nodes processed
2022-04-04 17:23:59.598 [main] INFO  ru.nsu.cherepanov.task.OpenStreetMapXMLProcessor - 4400000 nodes processed
2022-04-04 17:24:13.124 [main] INFO  ru.nsu.cherepanov.task.OpenStreetMapXMLProcessor - 4500000 nodes processed
2022-04-04 17:24:26.833 [main] INFO  ru.nsu.cherepanov.task.OpenStreetMapXMLProcessor - 4600000 nodes processed
2022-04-04 17:24:40.422 [main] INFO  ru.nsu.cherepanov.task.OpenStreetMapXMLProcessor - 4700000 nodes processed
2022-04-04 17:24:53.968 [main] INFO  ru.nsu.cherepanov.task.OpenStreetMapXMLProcessor - 4800000 nodes processed
2022-04-04 17:25:07.628 [main] INFO  ru.nsu.cherepanov.task.OpenStreetMapXMLProcessor - 4900000 nodes processed
2022-04-04 17:25:56.802 [main] INFO  ru.nsu.cherepanov.task.App - Hello world!
2022-04-04 17:25:57.019 [main] INFO  ru.nsu.cherepanov.task.db.Database - Db already exists
2022-04-04 17:25:57.023 [main] INFO  ru.nsu.cherepanov.task.db.Database - Drop db
2022-04-04 17:25:57.247 [main] INFO  ru.nsu.cherepanov.task.db.Database - Create db
2022-04-04 17:25:57.610 [main] INFO  ru.nsu.cherepanov.task.db.Database - Create tables
2022-04-04 17:25:57.648 [main] INFO  ru.nsu.cherepanov.task.db.Database - Create tables begin ru.nsu.cherepanov.osm
2022-04-04 17:25:57.673 [main] INFO  ru.nsu.cherepanov.task.db.Database - Node table created
2022-04-04 17:25:57.683 [main] INFO  ru.nsu.cherepanov.task.db.Database - Tag table created
2022-04-04 17:25:58.792 [main] INFO  ru.nsu.cherepanov.task.OpenStreetMapXMLProcessor - 100000 nodes processed
2022-04-04 17:25:59.468 [main] INFO  ru.nsu.cherepanov.task.OpenStreetMapXMLProcessor - 200000 nodes processed
2022-04-04 17:26:00.129 [main] INFO  ru.nsu.cherepanov.task.OpenStreetMapXMLProcessor - 300000 nodes processed
2022-04-04 17:26:00.792 [main] INFO  ru.nsu.cherepanov.task.OpenStreetMapXMLProcessor - 400000 nodes processed
2022-04-04 17:26:01.522 [main] INFO  ru.nsu.cherepanov.task.OpenStreetMapXMLProcessor - 500000 nodes processed
2022-04-04 17:26:02.199 [main] INFO  ru.nsu.cherepanov.task.OpenStreetMapXMLProcessor - 600000 nodes processed
2022-04-04 17:26:02.930 [main] INFO  ru.nsu.cherepanov.task.OpenStreetMapXMLProcessor - 700000 nodes processed
2022-04-04 17:26:03.643 [main] INFO  ru.nsu.cherepanov.task.OpenStreetMapXMLProcessor - 800000 nodes processed
2022-04-04 17:26:04.329 [main] INFO  ru.nsu.cherepanov.task.OpenStreetMapXMLProcessor - 900000 nodes processed
2022-04-04 17:26:05.000 [main] INFO  ru.nsu.cherepanov.task.OpenStreetMapXMLProcessor - 1000000 nodes processed
2022-04-04 17:26:18.608 [main] INFO  ru.nsu.cherepanov.task.OpenStreetMapXMLProcessor - 1100000 nodes processed
2022-04-04 17:26:19.266 [main] INFO  ru.nsu.cherepanov.task.OpenStreetMapXMLProcessor - 1200000 nodes processed
2022-04-04 17:26:19.896 [main] INFO  ru.nsu.cherepanov.task.OpenStreetMapXMLProcessor - 1300000 nodes processed
2022-04-04 17:26:20.523 [main] INFO  ru.nsu.cherepanov.task.OpenStreetMapXMLProcessor - 1400000 nodes processed
2022-04-04 17:26:21.157 [main] INFO  ru.nsu.cherepanov.task.OpenStreetMapXMLProcessor - 1500000 nodes processed
2022-04-04 17:26:21.807 [main] INFO  ru.nsu.cherepanov.task.OpenStreetMapXMLProcessor - 1600000 nodes processed
2022-04-04 17:26:22.442 [main] INFO  ru.nsu.cherepanov.task.OpenStreetMapXMLProcessor - 1700000 nodes processed
2022-04-04 17:26:23.074 [main] INFO  ru.nsu.cherepanov.task.OpenStreetMapXMLProcessor - 1800000 nodes processed
2022-04-04 17:26:23.714 [main] INFO  ru.nsu.cherepanov.task.OpenStreetMapXMLProcessor - 1900000 nodes processed
2022-04-04 17:26:24.332 [main] INFO  ru.nsu.cherepanov.task.OpenStreetMapXMLProcessor - 2000000 nodes processed
2022-04-04 17:26:36.890 [main] INFO  ru.nsu.cherepanov.task.OpenStreetMapXMLProcessor - 2100000 nodes processed
2022-04-04 17:26:37.506 [main] INFO  ru.nsu.cherepanov.task.OpenStreetMapXMLProcessor - 2200000 nodes processed
2022-04-04 17:26:38.139 [main] INFO  ru.nsu.cherepanov.task.OpenStreetMapXMLProcessor - 2300000 nodes processed
2022-04-04 17:26:38.776 [main] INFO  ru.nsu.cherepanov.task.OpenStreetMapXMLProcessor - 2400000 nodes processed
2022-04-04 17:26:39.407 [main] INFO  ru.nsu.cherepanov.task.OpenStreetMapXMLProcessor - 2500000 nodes processed
2022-04-04 17:26:40.032 [main] INFO  ru.nsu.cherepanov.task.OpenStreetMapXMLProcessor - 2600000 nodes processed
2022-04-04 17:26:40.659 [main] INFO  ru.nsu.cherepanov.task.OpenStreetMapXMLProcessor - 2700000 nodes processed
2022-04-04 17:26:41.289 [main] INFO  ru.nsu.cherepanov.task.OpenStreetMapXMLProcessor - 2800000 nodes processed
2022-04-04 17:26:41.895 [main] INFO  ru.nsu.cherepanov.task.OpenStreetMapXMLProcessor - 2900000 nodes processed
2022-04-04 17:26:42.541 [main] INFO  ru.nsu.cherepanov.task.OpenStreetMapXMLProcessor - 3000000 nodes processed
2022-04-04 17:26:55.804 [main] INFO  ru.nsu.cherepanov.task.OpenStreetMapXMLProcessor - 3100000 nodes processed
2022-04-04 17:26:56.440 [main] INFO  ru.nsu.cherepanov.task.OpenStreetMapXMLProcessor - 3200000 nodes processed
2022-04-04 17:26:57.092 [main] INFO  ru.nsu.cherepanov.task.OpenStreetMapXMLProcessor - 3300000 nodes processed
2022-04-04 17:26:57.719 [main] INFO  ru.nsu.cherepanov.task.OpenStreetMapXMLProcessor - 3400000 nodes processed
2022-04-04 17:26:58.357 [main] INFO  ru.nsu.cherepanov.task.OpenStreetMapXMLProcessor - 3500000 nodes processed
2022-04-04 17:26:59.010 [main] INFO  ru.nsu.cherepanov.task.OpenStreetMapXMLProcessor - 3600000 nodes processed
2022-04-04 17:26:59.646 [main] INFO  ru.nsu.cherepanov.task.OpenStreetMapXMLProcessor - 3700000 nodes processed
2022-04-04 17:27:00.285 [main] INFO  ru.nsu.cherepanov.task.OpenStreetMapXMLProcessor - 3800000 nodes processed
2022-04-04 17:27:00.914 [main] INFO  ru.nsu.cherepanov.task.OpenStreetMapXMLProcessor - 3900000 nodes processed
2022-04-04 17:27:01.559 [main] INFO  ru.nsu.cherepanov.task.OpenStreetMapXMLProcessor - 4000000 nodes processed
2022-04-04 17:27:15.069 [main] INFO  ru.nsu.cherepanov.task.OpenStreetMapXMLProcessor - 4100000 nodes processed
2022-04-04 17:27:15.723 [main] INFO  ru.nsu.cherepanov.task.OpenStreetMapXMLProcessor - 4200000 nodes processed
2022-04-04 17:27:16.365 [main] INFO  ru.nsu.cherepanov.task.OpenStreetMapXMLProcessor - 4300000 nodes processed
2022-04-04 17:27:16.985 [main] INFO  ru.nsu.cherepanov.task.OpenStreetMapXMLProcessor - 4400000 nodes processed
2022-04-04 17:27:17.612 [main] INFO  ru.nsu.cherepanov.task.OpenStreetMapXMLProcessor - 4500000 nodes processed
2022-04-04 17:27:18.257 [main] INFO  ru.nsu.cherepanov.task.OpenStreetMapXMLProcessor - 4600000 nodes processed
2022-04-04 17:27:18.898 [main] INFO  ru.nsu.cherepanov.task.OpenStreetMapXMLProcessor - 4700000 nodes processed
2022-04-04 17:27:19.555 [main] INFO  ru.nsu.cherepanov.task.OpenStreetMapXMLProcessor - 4800000 nodes processed
2022-04-04 17:27:20.178 [main] INFO  ru.nsu.cherepanov.task.OpenStreetMapXMLProcessor - 4900000 nodes processed
